<?xml version="1.0" encoding="UTF-8"?>
<testsuite xmlns:xsi="http://www.w3.org/2001/XMLSchema-instance" xsi:noNamespaceSchemaLocation="https://maven.apache.org/surefire/maven-surefire-plugin/xsd/surefire-test-report.xsd" name="news.Runner" time="5.278" tests="1" errors="0" skipped="0" failures="0">
  <properties>
    <property name="java.specification.version" value="16"/>
    <property name="sun.jnu.encoding" value="UTF-8"/>
    <property name="java.class.path" value="/home/apivazya0321/code/news-api-test/target/test-classes:/home/apivazya0321/code/news-api-test/target/classes:/home/apivazya0321/.m2/repository/com/intuit/karate/karate-junit5/1.0.0/karate-junit5-1.0.0.jar:/home/apivazya0321/.m2/repository/com/intuit/karate/karate-core/1.0.0/karate-core-1.0.0.jar:/home/apivazya0321/.m2/repository/org/graalvm/js/js-scriptengine/21.0.0/js-scriptengine-21.0.0.jar:/home/apivazya0321/.m2/repository/org/graalvm/sdk/graal-sdk/21.0.0/graal-sdk-21.0.0.jar:/home/apivazya0321/.m2/repository/org/graalvm/js/js/21.0.0/js-21.0.0.jar:/home/apivazya0321/.m2/repository/org/graalvm/regex/regex/21.0.0/regex-21.0.0.jar:/home/apivazya0321/.m2/repository/org/graalvm/truffle/truffle-api/21.0.0/truffle-api-21.0.0.jar:/home/apivazya0321/.m2/repository/com/ibm/icu/icu4j/67.1/icu4j-67.1.jar:/home/apivazya0321/.m2/repository/com/jayway/jsonpath/json-path/2.5.0/json-path-2.5.0.jar:/home/apivazya0321/.m2/repository/net/minidev/json-smart/2.3/json-smart-2.3.jar:/home/apivazya0321/.m2/repository/net/minidev/accessors-smart/1.2/accessors-smart-1.2.jar:/home/apivazya0321/.m2/repository/org/ow2/asm/asm/5.0.4/asm-5.0.4.jar:/home/apivazya0321/.m2/repository/info/cukes/cucumber-java/1.2.5/cucumber-java-1.2.5.jar:/home/apivazya0321/.m2/repository/info/cukes/cucumber-core/1.2.5/cucumber-core-1.2.5.jar:/home/apivazya0321/.m2/repository/org/yaml/snakeyaml/1.27/snakeyaml-1.27.jar:/home/apivazya0321/.m2/repository/de/siegmar/fastcsv/1.0.4/fastcsv-1.0.4.jar:/home/apivazya0321/.m2/repository/info/picocli/picocli/4.5.2/picocli-4.5.2.jar:/home/apivazya0321/.m2/repository/org/junit/jupiter/junit-jupiter-api/5.7.0/junit-jupiter-api-5.7.0.jar:/home/apivazya0321/.m2/repository/org/apiguardian/apiguardian-api/1.1.0/apiguardian-api-1.1.0.jar:/home/apivazya0321/.m2/repository/org/opentest4j/opentest4j/1.2.0/opentest4j-1.2.0.jar:/home/apivazya0321/.m2/repository/org/junit/platform/junit-platform-commons/1.7.0/junit-platform-commons-1.7.0.jar:/home/apivazya0321/.m2/repository/org/junit/jupiter/junit-jupiter-engine/5.7.0/junit-jupiter-engine-5.7.0.jar:/home/apivazya0321/.m2/repository/org/junit/platform/junit-platform-engine/1.7.0/junit-platform-engine-1.7.0.jar:/home/apivazya0321/.m2/repository/net/masterthought/cucumber-reporting/5.3.1/cucumber-reporting-5.3.1.jar:/home/apivazya0321/.m2/repository/com/fasterxml/jackson/core/jackson-databind/2.10.1/jackson-databind-2.10.1.jar:/home/apivazya0321/.m2/repository/com/fasterxml/jackson/core/jackson-annotations/2.10.1/jackson-annotations-2.10.1.jar:/home/apivazya0321/.m2/repository/com/fasterxml/jackson/core/jackson-core/2.10.1/jackson-core-2.10.1.jar:/home/apivazya0321/.m2/repository/com/fasterxml/jackson/datatype/jackson-datatype-jsr310/2.10.1/jackson-datatype-jsr310-2.10.1.jar:/home/apivazya0321/.m2/repository/org/apache/velocity/velocity-engine-core/2.1/velocity-engine-core-2.1.jar:/home/apivazya0321/.m2/repository/org/slf4j/slf4j-api/1.7.26/slf4j-api-1.7.26.jar:/home/apivazya0321/.m2/repository/commons-collections/commons-collections/3.2.2/commons-collections-3.2.2.jar:/home/apivazya0321/.m2/repository/joda-time/joda-time/2.10.5/joda-time-2.10.5.jar:/home/apivazya0321/.m2/repository/org/apache/commons/commons-lang3/3.9/commons-lang3-3.9.jar:/home/apivazya0321/.m2/repository/commons-io/commons-io/2.6/commons-io-2.6.jar:/home/apivazya0321/.m2/repository/org/codehaus/plexus/plexus-utils/3.3.0/plexus-utils-3.3.0.jar:/home/apivazya0321/.m2/repository/org/jsoup/jsoup/1.12.1/jsoup-1.12.1.jar:/home/apivazya0321/.m2/repository/com/googlecode/owasp-java-html-sanitizer/owasp-java-html-sanitizer/20191001.1/owasp-java-html-sanitizer-20191001.1.jar:/home/apivazya0321/.m2/repository/com/google/guava/guava/27.1-jre/guava-27.1-jre.jar:/home/apivazya0321/.m2/repository/com/google/guava/failureaccess/1.0.1/failureaccess-1.0.1.jar:/home/apivazya0321/.m2/repository/com/google/guava/listenablefuture/9999.0-empty-to-avoid-conflict-with-guava/listenablefuture-9999.0-empty-to-avoid-conflict-with-guava.jar:/home/apivazya0321/.m2/repository/com/google/code/findbugs/jsr305/3.0.2/jsr305-3.0.2.jar:/home/apivazya0321/.m2/repository/org/checkerframework/checker-qual/2.5.2/checker-qual-2.5.2.jar:/home/apivazya0321/.m2/repository/com/google/errorprone/error_prone_annotations/2.2.0/error_prone_annotations-2.2.0.jar:/home/apivazya0321/.m2/repository/com/google/j2objc/j2objc-annotations/1.1/j2objc-annotations-1.1.jar:/home/apivazya0321/.m2/repository/org/codehaus/mojo/animal-sniffer-annotations/1.17/animal-sniffer-annotations-1.17.jar:/home/apivazya0321/.m2/repository/commons-configuration/commons-configuration/1.10/commons-configuration-1.10.jar:/home/apivazya0321/.m2/repository/commons-lang/commons-lang/2.6/commons-lang-2.6.jar:/home/apivazya0321/.m2/repository/commons-logging/commons-logging/1.1.1/commons-logging-1.1.1.jar:/home/apivazya0321/.m2/repository/org/mongodb/mongo-java-driver/3.12.8/mongo-java-driver-3.12.8.jar:/home/apivazya0321/.m2/repository/junit/junit/4.13.2/junit-4.13.2.jar:/home/apivazya0321/.m2/repository/org/hamcrest/hamcrest-core/1.3/hamcrest-core-1.3.jar:/home/apivazya0321/.m2/repository/org/aeonbits/owner/owner/1.0.12/owner-1.0.12.jar:/home/apivazya0321/.m2/repository/com/epam/reportportal/agent-java-cucumber/4.0.6/agent-java-cucumber-4.0.6.jar:/home/apivazya0321/.m2/repository/com/epam/reportportal/client-java/4.0.8/client-java-4.0.8.jar:/home/apivazya0321/.m2/repository/io/reactivex/rxjava2/rxjava/2.1.6/rxjava-2.1.6.jar:/home/apivazya0321/.m2/repository/org/reactivestreams/reactive-streams/1.0.1/reactive-streams-1.0.1.jar:/home/apivazya0321/.m2/repository/org/apache/tika/tika-core/1.4/tika-core-1.4.jar:/home/apivazya0321/.m2/repository/com/epam/reportportal/commons-model/4.2.0/commons-model-4.2.0.jar:/home/apivazya0321/.m2/repository/io/swagger/swagger-annotations/1.5.13/swagger-annotations-1.5.13.jar:/home/apivazya0321/.m2/repository/javax/validation/validation-api/1.1.0.Final/validation-api-1.1.0.Final.jar:/home/apivazya0321/.m2/repository/com/epam/reportportal/logger-java-logback/5.0.3/logger-java-logback-5.0.3.jar:/home/apivazya0321/.m2/repository/ch/qos/logback/logback-classic/1.2.3/logback-classic-1.2.3.jar:/home/apivazya0321/.m2/repository/ch/qos/logback/logback-core/1.2.3/logback-core-1.2.3.jar:/home/apivazya0321/.m2/repository/com/intuit/karate/karate-gatling/1.0.1/karate-gatling-1.0.1.jar:/home/apivazya0321/.m2/repository/io/gatling/highcharts/gatling-charts-highcharts/3.5.0/gatling-charts-highcharts-3.5.0.jar:/home/apivazya0321/.m2/repository/org/scala-lang/scala-library/2.13.3/scala-library-2.13.3.jar:/home/apivazya0321/.m2/repository/io/gatling/gatling-app/3.5.0/gatling-app-3.5.0.jar:/home/apivazya0321/.m2/repository/io/gatling/gatling-core/3.5.0/gatling-core-3.5.0.jar:/home/apivazya0321/.m2/repository/io/gatling/gatling-commons/3.5.0/gatling-commons-3.5.0.jar:/home/apivazya0321/.m2/repository/io/gatling/gatling-commons-shared/3.5.0/gatling-commons-shared-3.5.0.jar:/home/apivazya0321/.m2/repository/org/scala-lang/scala-reflect/2.13.3/scala-reflect-2.13.3.jar:/home/apivazya0321/.m2/repository/io/suzaku/boopickle_2.13/1.3.3/boopickle_2.13-1.3.3.jar:/home/apivazya0321/.m2/repository/io/gatling/gatling-commons-shared-unstable/3.5.0/gatling-commons-shared-unstable-3.5.0.jar:/home/apivazya0321/.m2/repository/org/typelevel/spire-macros_2.13/0.17.0/spire-macros_2.13-0.17.0.jar:/home/apivazya0321/.m2/repository/com/typesafe/scala-logging/scala-logging_2.13/3.9.2/scala-logging_2.13-3.9.2.jar:/home/apivazya0321/.m2/repository/io/gatling/gatling-jsonpath/3.5.0/gatling-jsonpath-3.5.0.jar:/home/apivazya0321/.m2/repository/com/typesafe/akka/akka-slf4j_2.13/2.6.10/akka-slf4j_2.13-2.6.10.jar:/home/apivazya0321/.m2/repository/org/simpleflatmapper/lightning-csv/8.2.3/lightning-csv-8.2.3.jar:/home/apivazya0321/.m2/repository/org/simpleflatmapper/sfm-util/8.2.3/sfm-util-8.2.3.jar:/home/apivazya0321/.m2/repository/com/github/ben-manes/caffeine/caffeine/2.8.8/caffeine-2.8.8.jar:/home/apivazya0321/.m2/repository/io/pebbletemplates/pebble/3.1.4/pebble-3.1.4.jar:/home/apivazya0321/.m2/repository/org/unbescape/unbescape/1.1.6.RELEASE/unbescape-1.1.6.RELEASE.jar:/home/apivazya0321/.m2/repository/org/scala-lang/modules/scala-parser-combinators_2.13/1.1.2/scala-parser-combinators_2.13-1.1.2.jar:/home/apivazya0321/.m2/repository/com/github/scopt/scopt_2.13/3.7.1/scopt_2.13-3.7.1.jar:/home/apivazya0321/.m2/repository/io/netty/netty-handler/4.1.55.Final/netty-handler-4.1.55.Final.jar:/home/apivazya0321/.m2/repository/io/netty/netty-resolver/4.1.55.Final/netty-resolver-4.1.55.Final.jar:/home/apivazya0321/.m2/repository/com/softwaremill/quicklens/quicklens_2.13/1.6.1/quicklens_2.13-1.6.1.jar:/home/apivazya0321/.m2/repository/net/sf/saxon/Saxon-HE/10.3/Saxon-HE-10.3.jar:/home/apivazya0321/.m2/repository/org/jodd/jodd-lagarto/6.0.2/jodd-lagarto-6.0.2.jar:/home/apivazya0321/.m2/repository/org/jodd/jodd-util/6.0.0/jodd-util-6.0.0.jar:/home/apivazya0321/.m2/repository/io/burt/jmespath-jackson/0.5.0/jmespath-jackson-0.5.0.jar:/home/apivazya0321/.m2/repository/io/burt/jmespath-core/0.5.0/jmespath-core-0.5.0.jar:/home/apivazya0321/.m2/repository/io/gatling/gatling-http/3.5.0/gatling-http-3.5.0.jar:/home/apivazya0321/.m2/repository/io/gatling/gatling-http-client/3.5.0/gatling-http-client-3.5.0.jar:/home/apivazya0321/.m2/repository/io/gatling/gatling-netty-util/3.5.0/gatling-netty-util-3.5.0.jar:/home/apivazya0321/.m2/repository/io/netty/netty-handler-proxy/4.1.55.Final/netty-handler-proxy-4.1.55.Final.jar:/home/apivazya0321/.m2/repository/io/netty/netty-codec-socks/4.1.55.Final/netty-codec-socks-4.1.55.Final.jar:/home/apivazya0321/.m2/repository/io/netty/netty-resolver-dns/4.1.55.Final/netty-resolver-dns-4.1.55.Final.jar:/home/apivazya0321/.m2/repository/io/netty/netty-codec-dns/4.1.55.Final/netty-codec-dns-4.1.55.Final.jar:/home/apivazya0321/.m2/repository/io/netty/netty-transport-native-epoll/4.1.55.Final/netty-transport-native-epoll-4.1.55.Final-linux-x86_64.jar:/home/apivazya0321/.m2/repository/io/netty/netty-transport-native-unix-common/4.1.55.Final/netty-transport-native-unix-common-4.1.55.Final.jar:/home/apivazya0321/.m2/repository/io/netty/netty-codec-http2/4.1.55.Final/netty-codec-http2-4.1.55.Final.jar:/home/apivazya0321/.m2/repository/io/netty/netty-tcnative-boringssl-static/2.0.35.Final/netty-tcnative-boringssl-static-2.0.35.Final.jar:/home/apivazya0321/.m2/repository/io/gatling/gatling-jms/3.5.0/gatling-jms-3.5.0.jar:/home/apivazya0321/.m2/repository/javax/jms/javax.jms-api/2.0.1/javax.jms-api-2.0.1.jar:/home/apivazya0321/.m2/repository/com/eatthepath/fast-uuid/0.1/fast-uuid-0.1.jar:/home/apivazya0321/.m2/repository/io/gatling/gatling-jdbc/3.5.0/gatling-jdbc-3.5.0.jar:/home/apivazya0321/.m2/repository/io/gatling/gatling-redis/3.5.0/gatling-redis-3.5.0.jar:/home/apivazya0321/.m2/repository/net/debasishg/redisclient_2.13/3.30/redisclient_2.13-3.30.jar:/home/apivazya0321/.m2/repository/org/apache/commons/commons-pool2/2.8.0/commons-pool2-2.8.0.jar:/home/apivazya0321/.m2/repository/io/gatling/gatling-graphite/3.5.0/gatling-graphite-3.5.0.jar:/home/apivazya0321/.m2/repository/org/hdrhistogram/HdrHistogram/2.1.12/HdrHistogram-2.1.12.jar:/home/apivazya0321/.m2/repository/io/gatling/gatling-charts/3.5.0/gatling-charts-3.5.0.jar:/home/apivazya0321/.m2/repository/com/tdunning/t-digest/3.1/t-digest-3.1.jar:/home/apivazya0321/.m2/repository/io/gatling/gatling-recorder/3.5.0/gatling-recorder-3.5.0.jar:/home/apivazya0321/.m2/repository/org/scala-lang/modules/scala-swing_2.13/3.0.0/scala-swing_2.13-3.0.0.jar:/home/apivazya0321/.m2/repository/org/bouncycastle/bcpkix-jdk15on/1.67/bcpkix-jdk15on-1.67.jar:/home/apivazya0321/.m2/repository/org/bouncycastle/bcprov-jdk15on/1.67/bcprov-jdk15on-1.67.jar:/home/apivazya0321/.m2/repository/io/netty/netty-codec-http/4.1.55.Final/netty-codec-http-4.1.55.Final.jar:/home/apivazya0321/.m2/repository/io/netty/netty-common/4.1.55.Final/netty-common-4.1.55.Final.jar:/home/apivazya0321/.m2/repository/io/netty/netty-buffer/4.1.55.Final/netty-buffer-4.1.55.Final.jar:/home/apivazya0321/.m2/repository/io/netty/netty-transport/4.1.55.Final/netty-transport-4.1.55.Final.jar:/home/apivazya0321/.m2/repository/io/netty/netty-codec/4.1.55.Final/netty-codec-4.1.55.Final.jar:/home/apivazya0321/.m2/repository/com/typesafe/akka/akka-actor_2.13/2.6.10/akka-actor_2.13-2.6.10.jar:/home/apivazya0321/.m2/repository/com/typesafe/config/1.4.0/config-1.4.0.jar:/home/apivazya0321/.m2/repository/org/scala-lang/modules/scala-java8-compat_2.13/0.9.0/scala-java8-compat_2.13-0.9.0.jar:/home/apivazya0321/.m2/repository/com/intuit/karate/karate-netty/0.9.2/karate-netty-0.9.2.jar:/home/apivazya0321/.m2/repository/org/openjfx/javafx-controls/12-ea+9/javafx-controls-12-ea+9.jar:/home/apivazya0321/.m2/repository/org/openjfx/javafx-controls/12-ea+9/javafx-controls-12-ea+9-linux.jar:/home/apivazya0321/.m2/repository/org/openjfx/javafx-graphics/12-ea+9/javafx-graphics-12-ea+9.jar:/home/apivazya0321/.m2/repository/org/openjfx/javafx-graphics/12-ea+9/javafx-graphics-12-ea+9-linux.jar:/home/apivazya0321/.m2/repository/org/openjfx/javafx-base/12-ea+9/javafx-base-12-ea+9.jar:/home/apivazya0321/.m2/repository/org/openjfx/javafx-base/12-ea+9/javafx-base-12-ea+9-linux.jar:/home/apivazya0321/.m2/repository/com/intuit/karate/karate-apache/0.9.6/karate-apache-0.9.6.jar:/home/apivazya0321/.m2/repository/org/apache/httpcomponents/httpclient/4.5.12/httpclient-4.5.12.jar:/home/apivazya0321/.m2/repository/org/apache/httpcomponents/httpcore/4.4.13/httpcore-4.4.13.jar:/home/apivazya0321/.m2/repository/commons-codec/commons-codec/1.11/commons-codec-1.11.jar:/home/apivazya0321/.m2/repository/org/apache/httpcomponents/httpmime/4.5.12/httpmime-4.5.12.jar:/home/apivazya0321/.m2/repository/org/slf4j/jcl-over-slf4j/1.7.25/jcl-over-slf4j-1.7.25.jar:"/>
    <property name="java.vm.vendor" value="Oracle Corporation"/>
    <property name="sun.arch.data.model" value="64"/>
    <property name="java.vendor.url" value="https://java.oracle.com/"/>
    <property name="os.name" value="Linux"/>
    <property name="java.vm.specification.version" value="16"/>
    <property name="sun.java.launcher" value="SUN_STANDARD"/>
    <property name="user.country" value="US"/>
    <property name="sun.boot.library.path" value="/usr/lib/jvm/jdk-16/lib"/>
    <property name="sun.java.command" value="/home/apivazya0321/code/news-api-test/target/surefire/surefirebooter3558201237048984130.jar /home/apivazya0321/code/news-api-test/target/surefire 2021-06-03T16-05-30_875-jvmRun1 surefire9529252217926920846tmp surefire_015887324266479422306tmp"/>
    <property name="jdk.debug" value="release"/>
    <property name="test" value="Runner"/>
    <property name="surefire.test.class.path" value="/home/apivazya0321/code/news-api-test/target/test-classes:/home/apivazya0321/code/news-api-test/target/classes:/home/apivazya0321/.m2/repository/com/intuit/karate/karate-junit5/1.0.0/karate-junit5-1.0.0.jar:/home/apivazya0321/.m2/repository/com/intuit/karate/karate-core/1.0.0/karate-core-1.0.0.jar:/home/apivazya0321/.m2/repository/org/graalvm/js/js-scriptengine/21.0.0/js-scriptengine-21.0.0.jar:/home/apivazya0321/.m2/repository/org/graalvm/sdk/graal-sdk/21.0.0/graal-sdk-21.0.0.jar:/home/apivazya0321/.m2/repository/org/graalvm/js/js/21.0.0/js-21.0.0.jar:/home/apivazya0321/.m2/repository/org/graalvm/regex/regex/21.0.0/regex-21.0.0.jar:/home/apivazya0321/.m2/repository/org/graalvm/truffle/truffle-api/21.0.0/truffle-api-21.0.0.jar:/home/apivazya0321/.m2/repository/com/ibm/icu/icu4j/67.1/icu4j-67.1.jar:/home/apivazya0321/.m2/repository/com/jayway/jsonpath/json-path/2.5.0/json-path-2.5.0.jar:/home/apivazya0321/.m2/repository/net/minidev/json-smart/2.3/json-smart-2.3.jar:/home/apivazya0321/.m2/repository/net/minidev/accessors-smart/1.2/accessors-smart-1.2.jar:/home/apivazya0321/.m2/repository/org/ow2/asm/asm/5.0.4/asm-5.0.4.jar:/home/apivazya0321/.m2/repository/info/cukes/cucumber-java/1.2.5/cucumber-java-1.2.5.jar:/home/apivazya0321/.m2/repository/info/cukes/cucumber-core/1.2.5/cucumber-core-1.2.5.jar:/home/apivazya0321/.m2/repository/org/yaml/snakeyaml/1.27/snakeyaml-1.27.jar:/home/apivazya0321/.m2/repository/de/siegmar/fastcsv/1.0.4/fastcsv-1.0.4.jar:/home/apivazya0321/.m2/repository/info/picocli/picocli/4.5.2/picocli-4.5.2.jar:/home/apivazya0321/.m2/repository/org/junit/jupiter/junit-jupiter-api/5.7.0/junit-jupiter-api-5.7.0.jar:/home/apivazya0321/.m2/repository/org/apiguardian/apiguardian-api/1.1.0/apiguardian-api-1.1.0.jar:/home/apivazya0321/.m2/repository/org/opentest4j/opentest4j/1.2.0/opentest4j-1.2.0.jar:/home/apivazya0321/.m2/repository/org/junit/platform/junit-platform-commons/1.7.0/junit-platform-commons-1.7.0.jar:/home/apivazya0321/.m2/repository/org/junit/jupiter/junit-jupiter-engine/5.7.0/junit-jupiter-engine-5.7.0.jar:/home/apivazya0321/.m2/repository/org/junit/platform/junit-platform-engine/1.7.0/junit-platform-engine-1.7.0.jar:/home/apivazya0321/.m2/repository/net/masterthought/cucumber-reporting/5.3.1/cucumber-reporting-5.3.1.jar:/home/apivazya0321/.m2/repository/com/fasterxml/jackson/core/jackson-databind/2.10.1/jackson-databind-2.10.1.jar:/home/apivazya0321/.m2/repository/com/fasterxml/jackson/core/jackson-annotations/2.10.1/jackson-annotations-2.10.1.jar:/home/apivazya0321/.m2/repository/com/fasterxml/jackson/core/jackson-core/2.10.1/jackson-core-2.10.1.jar:/home/apivazya0321/.m2/repository/com/fasterxml/jackson/datatype/jackson-datatype-jsr310/2.10.1/jackson-datatype-jsr310-2.10.1.jar:/home/apivazya0321/.m2/repository/org/apache/velocity/velocity-engine-core/2.1/velocity-engine-core-2.1.jar:/home/apivazya0321/.m2/repository/org/slf4j/slf4j-api/1.7.26/slf4j-api-1.7.26.jar:/home/apivazya0321/.m2/repository/commons-collections/commons-collections/3.2.2/commons-collections-3.2.2.jar:/home/apivazya0321/.m2/repository/joda-time/joda-time/2.10.5/joda-time-2.10.5.jar:/home/apivazya0321/.m2/repository/org/apache/commons/commons-lang3/3.9/commons-lang3-3.9.jar:/home/apivazya0321/.m2/repository/commons-io/commons-io/2.6/commons-io-2.6.jar:/home/apivazya0321/.m2/repository/org/codehaus/plexus/plexus-utils/3.3.0/plexus-utils-3.3.0.jar:/home/apivazya0321/.m2/repository/org/jsoup/jsoup/1.12.1/jsoup-1.12.1.jar:/home/apivazya0321/.m2/repository/com/googlecode/owasp-java-html-sanitizer/owasp-java-html-sanitizer/20191001.1/owasp-java-html-sanitizer-20191001.1.jar:/home/apivazya0321/.m2/repository/com/google/guava/guava/27.1-jre/guava-27.1-jre.jar:/home/apivazya0321/.m2/repository/com/google/guava/failureaccess/1.0.1/failureaccess-1.0.1.jar:/home/apivazya0321/.m2/repository/com/google/guava/listenablefuture/9999.0-empty-to-avoid-conflict-with-guava/listenablefuture-9999.0-empty-to-avoid-conflict-with-guava.jar:/home/apivazya0321/.m2/repository/com/google/code/findbugs/jsr305/3.0.2/jsr305-3.0.2.jar:/home/apivazya0321/.m2/repository/org/checkerframework/checker-qual/2.5.2/checker-qual-2.5.2.jar:/home/apivazya0321/.m2/repository/com/google/errorprone/error_prone_annotations/2.2.0/error_prone_annotations-2.2.0.jar:/home/apivazya0321/.m2/repository/com/google/j2objc/j2objc-annotations/1.1/j2objc-annotations-1.1.jar:/home/apivazya0321/.m2/repository/org/codehaus/mojo/animal-sniffer-annotations/1.17/animal-sniffer-annotations-1.17.jar:/home/apivazya0321/.m2/repository/commons-configuration/commons-configuration/1.10/commons-configuration-1.10.jar:/home/apivazya0321/.m2/repository/commons-lang/commons-lang/2.6/commons-lang-2.6.jar:/home/apivazya0321/.m2/repository/commons-logging/commons-logging/1.1.1/commons-logging-1.1.1.jar:/home/apivazya0321/.m2/repository/org/mongodb/mongo-java-driver/3.12.8/mongo-java-driver-3.12.8.jar:/home/apivazya0321/.m2/repository/junit/junit/4.13.2/junit-4.13.2.jar:/home/apivazya0321/.m2/repository/org/hamcrest/hamcrest-core/1.3/hamcrest-core-1.3.jar:/home/apivazya0321/.m2/repository/org/aeonbits/owner/owner/1.0.12/owner-1.0.12.jar:/home/apivazya0321/.m2/repository/com/epam/reportportal/agent-java-cucumber/4.0.6/agent-java-cucumber-4.0.6.jar:/home/apivazya0321/.m2/repository/com/epam/reportportal/client-java/4.0.8/client-java-4.0.8.jar:/home/apivazya0321/.m2/repository/io/reactivex/rxjava2/rxjava/2.1.6/rxjava-2.1.6.jar:/home/apivazya0321/.m2/repository/org/reactivestreams/reactive-streams/1.0.1/reactive-streams-1.0.1.jar:/home/apivazya0321/.m2/repository/org/apache/tika/tika-core/1.4/tika-core-1.4.jar:/home/apivazya0321/.m2/repository/com/epam/reportportal/commons-model/4.2.0/commons-model-4.2.0.jar:/home/apivazya0321/.m2/repository/io/swagger/swagger-annotations/1.5.13/swagger-annotations-1.5.13.jar:/home/apivazya0321/.m2/repository/javax/validation/validation-api/1.1.0.Final/validation-api-1.1.0.Final.jar:/home/apivazya0321/.m2/repository/com/epam/reportportal/logger-java-logback/5.0.3/logger-java-logback-5.0.3.jar:/home/apivazya0321/.m2/repository/ch/qos/logback/logback-classic/1.2.3/logback-classic-1.2.3.jar:/home/apivazya0321/.m2/repository/ch/qos/logback/logback-core/1.2.3/logback-core-1.2.3.jar:/home/apivazya0321/.m2/repository/com/intuit/karate/karate-gatling/1.0.1/karate-gatling-1.0.1.jar:/home/apivazya0321/.m2/repository/io/gatling/highcharts/gatling-charts-highcharts/3.5.0/gatling-charts-highcharts-3.5.0.jar:/home/apivazya0321/.m2/repository/org/scala-lang/scala-library/2.13.3/scala-library-2.13.3.jar:/home/apivazya0321/.m2/repository/io/gatling/gatling-app/3.5.0/gatling-app-3.5.0.jar:/home/apivazya0321/.m2/repository/io/gatling/gatling-core/3.5.0/gatling-core-3.5.0.jar:/home/apivazya0321/.m2/repository/io/gatling/gatling-commons/3.5.0/gatling-commons-3.5.0.jar:/home/apivazya0321/.m2/repository/io/gatling/gatling-commons-shared/3.5.0/gatling-commons-shared-3.5.0.jar:/home/apivazya0321/.m2/repository/org/scala-lang/scala-reflect/2.13.3/scala-reflect-2.13.3.jar:/home/apivazya0321/.m2/repository/io/suzaku/boopickle_2.13/1.3.3/boopickle_2.13-1.3.3.jar:/home/apivazya0321/.m2/repository/io/gatling/gatling-commons-shared-unstable/3.5.0/gatling-commons-shared-unstable-3.5.0.jar:/home/apivazya0321/.m2/repository/org/typelevel/spire-macros_2.13/0.17.0/spire-macros_2.13-0.17.0.jar:/home/apivazya0321/.m2/repository/com/typesafe/scala-logging/scala-logging_2.13/3.9.2/scala-logging_2.13-3.9.2.jar:/home/apivazya0321/.m2/repository/io/gatling/gatling-jsonpath/3.5.0/gatling-jsonpath-3.5.0.jar:/home/apivazya0321/.m2/repository/com/typesafe/akka/akka-slf4j_2.13/2.6.10/akka-slf4j_2.13-2.6.10.jar:/home/apivazya0321/.m2/repository/org/simpleflatmapper/lightning-csv/8.2.3/lightning-csv-8.2.3.jar:/home/apivazya0321/.m2/repository/org/simpleflatmapper/sfm-util/8.2.3/sfm-util-8.2.3.jar:/home/apivazya0321/.m2/repository/com/github/ben-manes/caffeine/caffeine/2.8.8/caffeine-2.8.8.jar:/home/apivazya0321/.m2/repository/io/pebbletemplates/pebble/3.1.4/pebble-3.1.4.jar:/home/apivazya0321/.m2/repository/org/unbescape/unbescape/1.1.6.RELEASE/unbescape-1.1.6.RELEASE.jar:/home/apivazya0321/.m2/repository/org/scala-lang/modules/scala-parser-combinators_2.13/1.1.2/scala-parser-combinators_2.13-1.1.2.jar:/home/apivazya0321/.m2/repository/com/github/scopt/scopt_2.13/3.7.1/scopt_2.13-3.7.1.jar:/home/apivazya0321/.m2/repository/io/netty/netty-handler/4.1.55.Final/netty-handler-4.1.55.Final.jar:/home/apivazya0321/.m2/repository/io/netty/netty-resolver/4.1.55.Final/netty-resolver-4.1.55.Final.jar:/home/apivazya0321/.m2/repository/com/softwaremill/quicklens/quicklens_2.13/1.6.1/quicklens_2.13-1.6.1.jar:/home/apivazya0321/.m2/repository/net/sf/saxon/Saxon-HE/10.3/Saxon-HE-10.3.jar:/home/apivazya0321/.m2/repository/org/jodd/jodd-lagarto/6.0.2/jodd-lagarto-6.0.2.jar:/home/apivazya0321/.m2/repository/org/jodd/jodd-util/6.0.0/jodd-util-6.0.0.jar:/home/apivazya0321/.m2/repository/io/burt/jmespath-jackson/0.5.0/jmespath-jackson-0.5.0.jar:/home/apivazya0321/.m2/repository/io/burt/jmespath-core/0.5.0/jmespath-core-0.5.0.jar:/home/apivazya0321/.m2/repository/io/gatling/gatling-http/3.5.0/gatling-http-3.5.0.jar:/home/apivazya0321/.m2/repository/io/gatling/gatling-http-client/3.5.0/gatling-http-client-3.5.0.jar:/home/apivazya0321/.m2/repository/io/gatling/gatling-netty-util/3.5.0/gatling-netty-util-3.5.0.jar:/home/apivazya0321/.m2/repository/io/netty/netty-handler-proxy/4.1.55.Final/netty-handler-proxy-4.1.55.Final.jar:/home/apivazya0321/.m2/repository/io/netty/netty-codec-socks/4.1.55.Final/netty-codec-socks-4.1.55.Final.jar:/home/apivazya0321/.m2/repository/io/netty/netty-resolver-dns/4.1.55.Final/netty-resolver-dns-4.1.55.Final.jar:/home/apivazya0321/.m2/repository/io/netty/netty-codec-dns/4.1.55.Final/netty-codec-dns-4.1.55.Final.jar:/home/apivazya0321/.m2/repository/io/netty/netty-transport-native-epoll/4.1.55.Final/netty-transport-native-epoll-4.1.55.Final-linux-x86_64.jar:/home/apivazya0321/.m2/repository/io/netty/netty-transport-native-unix-common/4.1.55.Final/netty-transport-native-unix-common-4.1.55.Final.jar:/home/apivazya0321/.m2/repository/io/netty/netty-codec-http2/4.1.55.Final/netty-codec-http2-4.1.55.Final.jar:/home/apivazya0321/.m2/repository/io/netty/netty-tcnative-boringssl-static/2.0.35.Final/netty-tcnative-boringssl-static-2.0.35.Final.jar:/home/apivazya0321/.m2/repository/io/gatling/gatling-jms/3.5.0/gatling-jms-3.5.0.jar:/home/apivazya0321/.m2/repository/javax/jms/javax.jms-api/2.0.1/javax.jms-api-2.0.1.jar:/home/apivazya0321/.m2/repository/com/eatthepath/fast-uuid/0.1/fast-uuid-0.1.jar:/home/apivazya0321/.m2/repository/io/gatling/gatling-jdbc/3.5.0/gatling-jdbc-3.5.0.jar:/home/apivazya0321/.m2/repository/io/gatling/gatling-redis/3.5.0/gatling-redis-3.5.0.jar:/home/apivazya0321/.m2/repository/net/debasishg/redisclient_2.13/3.30/redisclient_2.13-3.30.jar:/home/apivazya0321/.m2/repository/org/apache/commons/commons-pool2/2.8.0/commons-pool2-2.8.0.jar:/home/apivazya0321/.m2/repository/io/gatling/gatling-graphite/3.5.0/gatling-graphite-3.5.0.jar:/home/apivazya0321/.m2/repository/org/hdrhistogram/HdrHistogram/2.1.12/HdrHistogram-2.1.12.jar:/home/apivazya0321/.m2/repository/io/gatling/gatling-charts/3.5.0/gatling-charts-3.5.0.jar:/home/apivazya0321/.m2/repository/com/tdunning/t-digest/3.1/t-digest-3.1.jar:/home/apivazya0321/.m2/repository/io/gatling/gatling-recorder/3.5.0/gatling-recorder-3.5.0.jar:/home/apivazya0321/.m2/repository/org/scala-lang/modules/scala-swing_2.13/3.0.0/scala-swing_2.13-3.0.0.jar:/home/apivazya0321/.m2/repository/org/bouncycastle/bcpkix-jdk15on/1.67/bcpkix-jdk15on-1.67.jar:/home/apivazya0321/.m2/repository/org/bouncycastle/bcprov-jdk15on/1.67/bcprov-jdk15on-1.67.jar:/home/apivazya0321/.m2/repository/io/netty/netty-codec-http/4.1.55.Final/netty-codec-http-4.1.55.Final.jar:/home/apivazya0321/.m2/repository/io/netty/netty-common/4.1.55.Final/netty-common-4.1.55.Final.jar:/home/apivazya0321/.m2/repository/io/netty/netty-buffer/4.1.55.Final/netty-buffer-4.1.55.Final.jar:/home/apivazya0321/.m2/repository/io/netty/netty-transport/4.1.55.Final/netty-transport-4.1.55.Final.jar:/home/apivazya0321/.m2/repository/io/netty/netty-codec/4.1.55.Final/netty-codec-4.1.55.Final.jar:/home/apivazya0321/.m2/repository/com/typesafe/akka/akka-actor_2.13/2.6.10/akka-actor_2.13-2.6.10.jar:/home/apivazya0321/.m2/repository/com/typesafe/config/1.4.0/config-1.4.0.jar:/home/apivazya0321/.m2/repository/org/scala-lang/modules/scala-java8-compat_2.13/0.9.0/scala-java8-compat_2.13-0.9.0.jar:/home/apivazya0321/.m2/repository/com/intuit/karate/karate-netty/0.9.2/karate-netty-0.9.2.jar:/home/apivazya0321/.m2/repository/org/openjfx/javafx-controls/12-ea+9/javafx-controls-12-ea+9.jar:/home/apivazya0321/.m2/repository/org/openjfx/javafx-controls/12-ea+9/javafx-controls-12-ea+9-linux.jar:/home/apivazya0321/.m2/repository/org/openjfx/javafx-graphics/12-ea+9/javafx-graphics-12-ea+9.jar:/home/apivazya0321/.m2/repository/org/openjfx/javafx-graphics/12-ea+9/javafx-graphics-12-ea+9-linux.jar:/home/apivazya0321/.m2/repository/org/openjfx/javafx-base/12-ea+9/javafx-base-12-ea+9.jar:/home/apivazya0321/.m2/repository/org/openjfx/javafx-base/12-ea+9/javafx-base-12-ea+9-linux.jar:/home/apivazya0321/.m2/repository/com/intuit/karate/karate-apache/0.9.6/karate-apache-0.9.6.jar:/home/apivazya0321/.m2/repository/org/apache/httpcomponents/httpclient/4.5.12/httpclient-4.5.12.jar:/home/apivazya0321/.m2/repository/org/apache/httpcomponents/httpcore/4.4.13/httpcore-4.4.13.jar:/home/apivazya0321/.m2/repository/commons-codec/commons-codec/1.11/commons-codec-1.11.jar:/home/apivazya0321/.m2/repository/org/apache/httpcomponents/httpmime/4.5.12/httpmime-4.5.12.jar:/home/apivazya0321/.m2/repository/org/slf4j/jcl-over-slf4j/1.7.25/jcl-over-slf4j-1.7.25.jar:"/>
    <property name="sun.cpu.endian" value="little"/>
    <property name="user.home" value="/home/apivazya0321"/>
    <property name="user.language" value="en"/>
    <property name="java.specification.vendor" value="Oracle Corporation"/>
    <property name="java.version.date" value="2021-03-16"/>
    <property name="java.home" value="/usr/lib/jvm/jdk-16"/>
    <property name="file.separator" value="/"/>
    <property name="basedir" value="/home/apivazya0321/code/news-api-test"/>
    <property name="java.vm.compressedOopsMode" value="Zero based"/>
    <property name="line.separator" value="&#10;"/>
    <property name="java.vm.specification.vendor" value="Oracle Corporation"/>
    <property name="java.specification.name" value="Java Platform API Specification"/>
    <property name="surefire.real.class.path" value="/home/apivazya0321/code/news-api-test/target/surefire/surefirebooter3558201237048984130.jar"/>
    <property name="sun.management.compiler" value="HotSpot 64-Bit Tiered Compilers"/>
    <property name="java.runtime.version" value="16+36-2231"/>
    <property name="user.name" value="apivazya0321"/>
    <property name="path.separator" value=":"/>
    <property name="os.version" value="5.6.0-1056-oem"/>
    <property name="java.runtime.name" value="Java(TM) SE Runtime Environment"/>
    <property name="file.encoding" value="UTF-8"/>
    <property name="java.vm.name" value="Java HotSpot(TM) 64-Bit Server VM"/>
    <property name="localRepository" value="/home/apivazya0321/.m2/repository"/>
    <property name="java.vendor.url.bug" value="https://bugreport.java.com/bugreport/"/>
    <property name="java.io.tmpdir" value="/tmp"/>
    <property name="java.version" value="16"/>
    <property name="user.dir" value="/home/apivazya0321/code/news-api-test"/>
    <property name="os.arch" value="amd64"/>
    <property name="java.vm.specification.name" value="Java Virtual Machine Specification"/>
    <property name="java.library.path" value="/usr/java/packages/lib:/usr/lib64:/lib64:/lib:/usr/lib"/>
    <property name="java.vm.info" value="mixed mode, sharing"/>
    <property name="java.vendor" value="Oracle Corporation"/>
    <property name="java.vm.version" value="16+36-2231"/>
    <property name="sun.io.unicode.encoding" value="UnicodeLittle"/>
    <property name="java.class.version" value="60.0"/>
  </properties>
  <testcase name="testParallel" classname="news.Runner" time="5.272"/>
</testsuite>